0 info it worked if it ends with ok
1 verbose cli [ '/home/caleb/n/bin/node', '/home/caleb/n/bin/npm', 'start' ]
2 info using npm@4.1.2
3 info using node@v7.7.1
4 verbose run-script [ 'prestart', 'start', 'poststart' ]
5 info lifecycle ui@0.0.0~prestart: ui@0.0.0
6 silly lifecycle ui@0.0.0~prestart: no script for prestart, continuing
7 info lifecycle ui@0.0.0~start: ui@0.0.0
8 verbose lifecycle ui@0.0.0~start: unsafe-perm in lifecycle true
9 verbose lifecycle ui@0.0.0~start: PATH: /home/caleb/n/lib/node_modules/npm/bin/node-gyp-bin:/home/caleb/Projects/caleb/dotnet-core-boilerplate/ui/node_modules/.bin:/opt/google-cloud-sdk/bin:/usr/local/sbin:/usr/local/bin:/usr/sbin:/usr/bin:/sbin:/bin:/usr/games:/usr/local/games:/snap/bin:/usr/local/go/bin:/home/caleb/n/bin:/home/caleb/go/bin
10 verbose lifecycle ui@0.0.0~start: CWD: /home/caleb/Projects/caleb/dotnet-core-boilerplate/ui
11 silly lifecycle ui@0.0.0~start: Args: [ '-c', 'webpack-dev-server' ]
12 silly lifecycle ui@0.0.0~start: Returned: code: 1  signal: null
13 info lifecycle ui@0.0.0~start: Failed to exec start script
14 verbose stack Error: ui@0.0.0 start: `webpack-dev-server`
14 verbose stack Exit status 1
14 verbose stack     at EventEmitter.<anonymous> (/home/caleb/n/lib/node_modules/npm/lib/utils/lifecycle.js:279:16)
14 verbose stack     at emitTwo (events.js:106:13)
14 verbose stack     at EventEmitter.emit (events.js:194:7)
14 verbose stack     at ChildProcess.<anonymous> (/home/caleb/n/lib/node_modules/npm/lib/utils/spawn.js:40:14)
14 verbose stack     at emitTwo (events.js:106:13)
14 verbose stack     at ChildProcess.emit (events.js:194:7)
14 verbose stack     at maybeClose (internal/child_process.js:899:16)
14 verbose stack     at Process.ChildProcess._handle.onexit (internal/child_process.js:226:5)
15 verbose pkgid ui@0.0.0
16 verbose cwd /home/caleb/Projects/caleb/dotnet-core-boilerplate/ui
17 error Linux 4.4.0-65-generic
18 error argv "/home/caleb/n/bin/node" "/home/caleb/n/bin/npm" "start"
19 error node v7.7.1
20 error npm  v4.1.2
21 error code ELIFECYCLE
22 error ui@0.0.0 start: `webpack-dev-server`
22 error Exit status 1
23 error Failed at the ui@0.0.0 start script 'webpack-dev-server'.
23 error Make sure you have the latest version of node.js and npm installed.
23 error If you do, this is most likely a problem with the ui package,
23 error not with npm itself.
23 error Tell the author that this fails on your system:
23 error     webpack-dev-server
23 error You can get information on how to open an issue for this project with:
23 error     npm bugs ui
23 error Or if that isn't available, you can get their info via:
23 error     npm owner ls ui
23 error There is likely additional logging output above.
24 verbose exit [ 1, true ]
